{"C:\\Users\\choi\\OneDrive\\바탕 화면\\스파르타코딩클럽\\뉴스피드\\Deliveryseokgeun\\src\\review\\review.repository.js": {"path":"C:\\Users\\choi\\OneDrive\\바탕 화면\\스파르타코딩클럽\\뉴스피드\\Deliveryseokgeun\\src\\review\\review.repository.js","statementMap":{"0":{"start":{"line":3,"column":4},"end":{"line":3,"column":25}},"1":{"start":{"line":4,"column":4},"end":{"line":4,"column":35}},"2":{"start":{"line":19,"column":17},"end":{"line":40,"column":3}},"3":{"start":{"line":27,"column":4},"end":{"line":27,"column":39}},"4":{"start":{"line":28,"column":23},"end":{"line":37,"column":6}},"5":{"start":{"line":38,"column":4},"end":{"line":38,"column":43}},"6":{"start":{"line":39,"column":4},"end":{"line":39,"column":22}},"7":{"start":{"line":42,"column":15},"end":{"line":49,"column":3}},"8":{"start":{"line":43,"column":23},"end":{"line":47,"column":6}},"9":{"start":{"line":48,"column":4},"end":{"line":48,"column":22}},"10":{"start":{"line":51,"column":15},"end":{"line":57,"column":3}},"11":{"start":{"line":52,"column":20},"end":{"line":55,"column":6}},"12":{"start":{"line":56,"column":4},"end":{"line":56,"column":19}},"13":{"start":{"line":59,"column":17},"end":{"line":73,"column":3}},"14":{"start":{"line":60,"column":4},"end":{"line":60,"column":33}},"15":{"start":{"line":61,"column":4},"end":{"line":61,"column":30}},"16":{"start":{"line":62,"column":25},"end":{"line":71,"column":6}},"17":{"start":{"line":72,"column":4},"end":{"line":72,"column":24}},"18":{"start":{"line":75,"column":17},"end":{"line":82,"column":3}},"19":{"start":{"line":76,"column":25},"end":{"line":80,"column":6}},"20":{"start":{"line":81,"column":4},"end":{"line":81,"column":24}}},"fnMap":{"0":{"name":"(anonymous_0)","decl":{"start":{"line":2,"column":2},"end":{"line":2,"column":3}},"loc":{"start":{"line":2,"column":35},"end":{"line":5,"column":3}},"line":2},"1":{"name":"(anonymous_1)","decl":{"start":{"line":19,"column":17},"end":{"line":19,"column":18}},"loc":{"start":{"line":26,"column":7},"end":{"line":40,"column":3}},"line":26},"2":{"name":"(anonymous_2)","decl":{"start":{"line":42,"column":15},"end":{"line":42,"column":16}},"loc":{"start":{"line":42,"column":35},"end":{"line":49,"column":3}},"line":42},"3":{"name":"(anonymous_3)","decl":{"start":{"line":51,"column":15},"end":{"line":51,"column":16}},"loc":{"start":{"line":51,"column":33},"end":{"line":57,"column":3}},"line":51},"4":{"name":"(anonymous_4)","decl":{"start":{"line":59,"column":17},"end":{"line":59,"column":18}},"loc":{"start":{"line":59,"column":65},"end":{"line":73,"column":3}},"line":59},"5":{"name":"(anonymous_5)","decl":{"start":{"line":75,"column":17},"end":{"line":75,"column":18}},"loc":{"start":{"line":75,"column":37},"end":{"line":82,"column":3}},"line":75}},"branchMap":{},"s":{"0":1,"1":1,"2":1,"3":1,"4":1,"5":1,"6":1,"7":1,"8":1,"9":1,"10":1,"11":1,"12":1,"13":1,"14":1,"15":1,"16":1,"17":1,"18":1,"19":0,"20":0},"f":{"0":1,"1":1,"2":1,"3":1,"4":1,"5":0},"b":{},"_coverageSchema":"1a1c01bbd47fc00a2c39e90264f33305004495a9","hash":"90656e928e4db9e79b9a5f56154cf3031e7583ed"}
}
