TN:
SF:src\review\review.repository.js
FN:2,(anonymous_0)
FN:19,(anonymous_1)
FN:42,(anonymous_2)
FN:51,(anonymous_3)
FN:59,(anonymous_4)
FN:75,(anonymous_5)
FNF:6
FNH:6
FNDA:1,(anonymous_0)
FNDA:1,(anonymous_1)
FNDA:1,(anonymous_2)
FNDA:1,(anonymous_3)
FNDA:1,(anonymous_4)
FNDA:1,(anonymous_5)
DA:3,1
DA:4,1
DA:19,1
DA:27,1
DA:28,1
DA:38,1
DA:39,1
DA:42,1
DA:43,1
DA:48,1
DA:51,1
DA:52,1
DA:56,1
DA:59,1
DA:60,1
DA:61,1
DA:62,1
DA:72,1
DA:75,1
DA:76,1
DA:81,1
LF:21
LH:21
BRF:0
BRH:0
end_of_record
